This file contains any messages produced by compilers while
running configure, to aid debugging if configure makes a mistake.

It was created by Xen Hypervisor Stub Domains configure 4.5, which was
generated by GNU Autoconf 2.69.  Invocation command line was

  $ ./configure --disable-option-checking --prefix=/usr/local --cache-file=/dev/null --srcdir=.

## --------- ##
## Platform. ##
## --------- ##

hostname = disco-0004
uname -m = x86_64
uname -r = 3.14.4
uname -s = Linux
uname -v = #3 SMP Thu Aug 27 14:52:43 MDT 2015

/usr/bin/uname -p = unknown
/bin/uname -X     = unknown

/bin/arch              = x86_64
/usr/bin/arch -k       = unknown
/usr/convex/getsysinfo = unknown
/usr/bin/hostinfo      = unknown
/bin/machine           = unknown
/usr/bin/oslevel       = unknown
/bin/universe          = unknown

PATH: /sbin
PATH: /bin
PATH: /usr/sbin
PATH: /usr/bin
PATH: /usr/local/sbin
PATH: /root/bin
PATH: /usr/local/bin


## ----------- ##
## Core tests. ##
## ----------- ##

configure:1868: checking build system type
configure:1882: result: x86_64-unknown-linux-gnu
configure:1902: checking host system type
configure:1915: result: x86_64-unknown-linux-gnu
configure:2304: checking for wget
configure:2322: found /usr/bin/wget
configure:2335: result: /usr/bin/wget
configure:2453: checking for gcc
configure:2469: found /usr/bin/gcc
configure:2480: result: gcc
configure:2709: checking for C compiler version
configure:2718: gcc --version >&5
gcc (GCC) 4.4.7 20120313 (Red Hat 4.4.7-16)
Copyright (C) 2010 Free Software Foundation, Inc.
This is free software; see the source for copying conditions.  There is NO
warranty; not even for MERCHANTABILITY or FITNESS FOR A PARTICULAR PURPOSE.

configure:2729: $? = 0
configure:2718: gcc -v >&5
Using built-in specs.
Target: x86_64-redhat-linux
Configured with: ../configure --prefix=/usr --mandir=/usr/share/man --infodir=/usr/share/info --with-bugurl=http://bugzilla.redhat.com/bugzilla --enable-bootstrap --enable-shared --enable-threads=posix --enable-checking=release --with-system-zlib --enable-__cxa_atexit --disable-libunwind-exceptions --enable-gnu-unique-object --enable-languages=c,c++,objc,obj-c++,java,fortran,ada --enable-java-awt=gtk --disable-dssi --with-java-home=/usr/lib/jvm/java-1.5.0-gcj-1.5.0.0/jre --enable-libgcj-multifile --enable-java-maintainer-mode --with-ecj-jar=/usr/share/java/eclipse-ecj.jar --disable-libjava-multilib --with-ppl --with-cloog --with-tune=generic --with-arch_32=i686 --build=x86_64-redhat-linux
Thread model: posix
gcc version 4.4.7 20120313 (Red Hat 4.4.7-16) (GCC) 
configure:2729: $? = 0
configure:2718: gcc -V >&5
gcc: '-V' option must have argument
configure:2729: $? = 1
configure:2718: gcc -qversion >&5
gcc: unrecognized option '-qversion'
gcc: no input files
configure:2729: $? = 1
configure:2749: checking whether the C compiler works
configure:2771: gcc    conftest.c  >&5
configure:2775: $? = 0
configure:2823: result: yes
configure:2826: checking for C compiler default output file name
configure:2828: result: a.out
configure:2834: checking for suffix of executables
configure:2841: gcc -o conftest    conftest.c  >&5
configure:2845: $? = 0
configure:2867: result: 
configure:2889: checking whether we are cross compiling
configure:2897: gcc -o conftest    conftest.c  >&5
configure:2901: $? = 0
configure:2908: ./conftest
configure:2912: $? = 0
configure:2927: result: no
configure:2932: checking for suffix of object files
configure:2954: gcc -c   conftest.c >&5
configure:2958: $? = 0
configure:2979: result: o
configure:2983: checking whether we are using the GNU C compiler
configure:3002: gcc -c   conftest.c >&5
configure:3002: $? = 0
configure:3011: result: yes
configure:3020: checking whether gcc accepts -g
configure:3040: gcc -c -g  conftest.c >&5
configure:3040: $? = 0
configure:3081: result: yes
configure:3098: checking for gcc option to accept ISO C89
configure:3161: gcc  -c -g -O2  conftest.c >&5
configure:3161: $? = 0
configure:3174: result: none needed
configure:3194: checking whether make sets $(MAKE)
configure:3216: result: yes
configure:3239: checking for a BSD-compatible install
configure:3307: result: /usr/bin/install -c
configure:3377: checking for cmake
configure:3395: found /usr/bin/cmake
configure:3408: result: /usr/bin/cmake
configure:3789: creating ./config.status

## ---------------------- ##
## Running config.status. ##
## ---------------------- ##

This file was extended by Xen Hypervisor Stub Domains config.status 4.5, which was
generated by GNU Autoconf 2.69.  Invocation command line was

  CONFIG_FILES    = 
  CONFIG_HEADERS  = 
  CONFIG_LINKS    = 
  CONFIG_COMMANDS = 
  $ ./config.status 

on disco-0004

config.status:767: creating ../config/Stubdom.mk

## ---------------- ##
## Cache variables. ##
## ---------------- ##

ac_cv_build=x86_64-unknown-linux-gnu
ac_cv_c_compiler_gnu=yes
ac_cv_env_CC_set=
ac_cv_env_CC_value=
ac_cv_env_CFLAGS_set=
ac_cv_env_CFLAGS_value=
ac_cv_env_CMAKE_set=
ac_cv_env_CMAKE_value=
ac_cv_env_CPPFLAGS_set=
ac_cv_env_CPPFLAGS_value=
ac_cv_env_GMP_URL_set=
ac_cv_env_GMP_URL_value=
ac_cv_env_GRUB_URL_set=
ac_cv_env_GRUB_URL_value=
ac_cv_env_LDFLAGS_set=
ac_cv_env_LDFLAGS_value=
ac_cv_env_LIBPCI_URL_set=
ac_cv_env_LIBPCI_URL_value=
ac_cv_env_LIBS_set=
ac_cv_env_LIBS_value=
ac_cv_env_LWIP_URL_set=
ac_cv_env_LWIP_URL_value=
ac_cv_env_NEWLIB_URL_set=
ac_cv_env_NEWLIB_URL_value=
ac_cv_env_OCAML_URL_set=
ac_cv_env_OCAML_URL_value=
ac_cv_env_POLARSSL_URL_set=
ac_cv_env_POLARSSL_URL_value=
ac_cv_env_TPMEMU_URL_set=
ac_cv_env_TPMEMU_URL_value=
ac_cv_env_ZLIB_URL_set=
ac_cv_env_ZLIB_URL_value=
ac_cv_env_build_alias_set=
ac_cv_env_build_alias_value=
ac_cv_env_host_alias_set=
ac_cv_env_host_alias_value=
ac_cv_env_target_alias_set=
ac_cv_env_target_alias_value=
ac_cv_host=x86_64-unknown-linux-gnu
ac_cv_objext=o
ac_cv_path_CMAKE=/usr/bin/cmake
ac_cv_path_WGET=/usr/bin/wget
ac_cv_path_install='/usr/bin/install -c'
ac_cv_prog_ac_ct_CC=gcc
ac_cv_prog_cc_c89=
ac_cv_prog_cc_g=yes
ac_cv_prog_make_make_set=yes
ax_cv_debug=y
ax_cv_extfiles=y

## ----------------- ##
## Output variables. ##
## ----------------- ##

CC='gcc'
CFLAGS='-g -O2'
CMAKE='/usr/bin/cmake'
CPPFLAGS=''
DEFS='-DPACKAGE_NAME=\"Xen\ Hypervisor\ Stub\ Domains\" -DPACKAGE_TARNAME=\"xen\" -DPACKAGE_VERSION=\"4.5\" -DPACKAGE_STRING=\"Xen\ Hypervisor\ Stub\ Domains\ 4.5\" -DPACKAGE_BUGREPORT=\"xen-devel@lists.xen.org\" -DPACKAGE_URL=\"http://www.xen.org/\"'
ECHO_C=''
ECHO_N='-n'
ECHO_T=''
EXEEXT=''
FETCHER='/usr/bin/wget -c -O'
FTP=''
GMP_URL='$(XEN_EXTFILES_URL)'
GMP_VERSION='4.3.2'
GRUB_URL='$(XEN_EXTFILES_URL)'
GRUB_VERSION='0.97'
INSTALL_DATA='${INSTALL} -m 644'
INSTALL_PROGRAM='${INSTALL}'
INSTALL_SCRIPT='${INSTALL}'
LDFLAGS=''
LIBOBJS=''
LIBPCI_URL='$(XEN_EXTFILES_URL)'
LIBPCI_VERSION='2.2.9'
LIBS=''
LTLIBOBJS=''
LWIP_URL='$(XEN_EXTFILES_URL)'
LWIP_VERSION='1.3.0'
NEWLIB_URL='$(XEN_EXTFILES_URL)'
NEWLIB_VERSION='1.16.0'
OBJEXT='o'
OCAML_URL='http://caml.inria.fr/pub/distrib/ocaml-3.11'
OCAML_VERSION='3.11.0'
PACKAGE_BUGREPORT='xen-devel@lists.xen.org'
PACKAGE_NAME='Xen Hypervisor Stub Domains'
PACKAGE_STRING='Xen Hypervisor Stub Domains 4.5'
PACKAGE_TARNAME='xen'
PACKAGE_URL='http://www.xen.org/'
PACKAGE_VERSION='4.5'
PATH_SEPARATOR=':'
POLARSSL_URL='$(XEN_EXTFILES_URL)'
POLARSSL_VERSION='1.1.4'
SET_MAKE=''
SHELL='/bin/sh'
STUBDOM_BUILD=' pv-grub xenstore-stubdom vtpm-stubdom vtpmmgr-stubdom ioemu-stubdom'
STUBDOM_INSTALL=' install-grub install-xenstore install-vtpm install-vtpmmgr install-ioemu'
STUBDOM_TARGETS=' grub xenstore vtpm vtpmmgr ioemu'
TPMEMU_URL='$(XEN_EXTFILES_URL)'
TPMEMU_VERSION='0.7.4'
WGET='/usr/bin/wget'
ZLIB_URL='$(XEN_EXTFILES_URL)'
ZLIB_VERSION='1.2.3'
ac_ct_CC='gcc'
bindir='${exec_prefix}/bin'
build='x86_64-unknown-linux-gnu'
build_alias=''
build_cpu='x86_64'
build_os='linux-gnu'
build_vendor='unknown'
c='n'
caml='n'
datadir='${datarootdir}'
datarootdir='${prefix}/share'
debug='y'
docdir='${datarootdir}/doc/${PACKAGE_TARNAME}'
dvidir='${docdir}'
exec_prefix='${prefix}'
extfiles='y'
grub='y'
host='x86_64-unknown-linux-gnu'
host_alias=''
host_cpu='x86_64'
host_os='linux-gnu'
host_vendor='unknown'
htmldir='${docdir}'
includedir='${prefix}/include'
infodir='${datarootdir}/info'
ioemu='y'
libdir='${exec_prefix}/lib'
libexecdir='${exec_prefix}/libexec'
localedir='${datarootdir}/locale'
localstatedir='${prefix}/var'
mandir='${datarootdir}/man'
oldincludedir='/usr/include'
pdfdir='${docdir}'
prefix='/usr/local'
program_transform_name='s,x,x,'
psdir='${docdir}'
sbindir='${exec_prefix}/sbin'
sharedstatedir='${prefix}/com'
sysconfdir='${prefix}/etc'
target_alias=''
vtpm='y'
vtpmmgr='y'
xenstore='y'

## ----------- ##
## confdefs.h. ##
## ----------- ##

/* confdefs.h */
#define PACKAGE_NAME "Xen Hypervisor Stub Domains"
#define PACKAGE_TARNAME "xen"
#define PACKAGE_VERSION "4.5"
#define PACKAGE_STRING "Xen Hypervisor Stub Domains 4.5"
#define PACKAGE_BUGREPORT "xen-devel@lists.xen.org"
#define PACKAGE_URL "http://www.xen.org/"

configure: exit 0
