This file contains any messages produced by compilers while
running configure, to aid debugging if configure makes a mistake.

It was created by Xen Hypervisor Tools configure 4.5, which was
generated by GNU Autoconf 2.69.  Invocation command line was

  $ ./configure --disable-option-checking --prefix=/usr/local --cache-file=/dev/null --srcdir=.

## --------- ##
## Platform. ##
## --------- ##

hostname = disco-0004
uname -m = x86_64
uname -r = 3.14.4
uname -s = Linux
uname -v = #3 SMP Thu Aug 27 14:52:43 MDT 2015

/usr/bin/uname -p = unknown
/bin/uname -X     = unknown

/bin/arch              = x86_64
/usr/bin/arch -k       = unknown
/usr/convex/getsysinfo = unknown
/usr/bin/hostinfo      = unknown
/bin/machine           = unknown
/usr/bin/oslevel       = unknown
/bin/universe          = unknown

PATH: /sbin
PATH: /bin
PATH: /usr/sbin
PATH: /usr/bin
PATH: /usr/local/sbin
PATH: /root/bin
PATH: /usr/local/bin


## ----------- ##
## Core tests. ##
## ----------- ##

configure:2330: checking build system type
configure:2344: result: x86_64-unknown-linux-gnu
configure:2364: checking host system type
configure:2377: result: x86_64-unknown-linux-gnu
configure:2452: checking for gcc
configure:2468: found /usr/bin/gcc
configure:2479: result: gcc
configure:2708: checking for C compiler version
configure:2717: gcc --version >&5
gcc (GCC) 4.4.7 20120313 (Red Hat 4.4.7-16)
Copyright (C) 2010 Free Software Foundation, Inc.
This is free software; see the source for copying conditions.  There is NO
warranty; not even for MERCHANTABILITY or FITNESS FOR A PARTICULAR PURPOSE.

configure:2728: $? = 0
configure:2717: gcc -v >&5
Using built-in specs.
Target: x86_64-redhat-linux
Configured with: ../configure --prefix=/usr --mandir=/usr/share/man --infodir=/usr/share/info --with-bugurl=http://bugzilla.redhat.com/bugzilla --enable-bootstrap --enable-shared --enable-threads=posix --enable-checking=release --with-system-zlib --enable-__cxa_atexit --disable-libunwind-exceptions --enable-gnu-unique-object --enable-languages=c,c++,objc,obj-c++,java,fortran,ada --enable-java-awt=gtk --disable-dssi --with-java-home=/usr/lib/jvm/java-1.5.0-gcj-1.5.0.0/jre --enable-libgcj-multifile --enable-java-maintainer-mode --with-ecj-jar=/usr/share/java/eclipse-ecj.jar --disable-libjava-multilib --with-ppl --with-cloog --with-tune=generic --with-arch_32=i686 --build=x86_64-redhat-linux
Thread model: posix
gcc version 4.4.7 20120313 (Red Hat 4.4.7-16) (GCC) 
configure:2728: $? = 0
configure:2717: gcc -V >&5
gcc: '-V' option must have argument
configure:2728: $? = 1
configure:2717: gcc -qversion >&5
gcc: unrecognized option '-qversion'
gcc: no input files
configure:2728: $? = 1
configure:2748: checking whether the C compiler works
configure:2770: gcc    conftest.c  >&5
configure:2774: $? = 0
configure:2822: result: yes
configure:2825: checking for C compiler default output file name
configure:2827: result: a.out
configure:2833: checking for suffix of executables
configure:2840: gcc -o conftest    conftest.c  >&5
configure:2844: $? = 0
configure:2866: result: 
configure:2888: checking whether we are cross compiling
configure:2896: gcc -o conftest    conftest.c  >&5
configure:2900: $? = 0
configure:2907: ./conftest
configure:2911: $? = 0
configure:2926: result: no
configure:2931: checking for suffix of object files
configure:2953: gcc -c   conftest.c >&5
configure:2957: $? = 0
configure:2978: result: o
configure:2982: checking whether we are using the GNU C compiler
configure:3001: gcc -c   conftest.c >&5
configure:3001: $? = 0
configure:3010: result: yes
configure:3019: checking whether gcc accepts -g
configure:3039: gcc -c -g  conftest.c >&5
configure:3039: $? = 0
configure:3080: result: yes
configure:3097: checking for gcc option to accept ISO C89
configure:3160: gcc  -c -g -O2  conftest.c >&5
configure:3160: $? = 0
configure:3173: result: none needed
configure:3201: checking for special C compiler options needed for large files
configure:3246: result: no
configure:3252: checking for _FILE_OFFSET_BITS value needed for large files
configure:3277: gcc -c -g -O2  conftest.c >&5
configure:3277: $? = 0
configure:3309: result: no
configure:4298: checking for gcc
configure:4325: result: gcc
configure:4554: checking for C compiler version
configure:4563: gcc --version >&5
gcc (GCC) 4.4.7 20120313 (Red Hat 4.4.7-16)
Copyright (C) 2010 Free Software Foundation, Inc.
This is free software; see the source for copying conditions.  There is NO
warranty; not even for MERCHANTABILITY or FITNESS FOR A PARTICULAR PURPOSE.

configure:4574: $? = 0
configure:4563: gcc -v >&5
Using built-in specs.
Target: x86_64-redhat-linux
Configured with: ../configure --prefix=/usr --mandir=/usr/share/man --infodir=/usr/share/info --with-bugurl=http://bugzilla.redhat.com/bugzilla --enable-bootstrap --enable-shared --enable-threads=posix --enable-checking=release --with-system-zlib --enable-__cxa_atexit --disable-libunwind-exceptions --enable-gnu-unique-object --enable-languages=c,c++,objc,obj-c++,java,fortran,ada --enable-java-awt=gtk --disable-dssi --with-java-home=/usr/lib/jvm/java-1.5.0-gcj-1.5.0.0/jre --enable-libgcj-multifile --enable-java-maintainer-mode --with-ecj-jar=/usr/share/java/eclipse-ecj.jar --disable-libjava-multilib --with-ppl --with-cloog --with-tune=generic --with-arch_32=i686 --build=x86_64-redhat-linux
Thread model: posix
gcc version 4.4.7 20120313 (Red Hat 4.4.7-16) (GCC) 
configure:4574: $? = 0
configure:4563: gcc -V >&5
gcc: '-V' option must have argument
configure:4574: $? = 1
configure:4563: gcc -qversion >&5
gcc: unrecognized option '-qversion'
gcc: no input files
configure:4574: $? = 1
configure:4578: checking whether we are using the GNU C compiler
configure:4606: result: yes
configure:4615: checking whether gcc accepts -g
configure:4676: result: yes
configure:4693: checking for gcc option to accept ISO C89
configure:4769: result: none needed
configure:4789: checking whether make sets $(MAKE)
configure:4811: result: yes
configure:4834: checking for a BSD-compatible install
configure:4902: result: /usr/bin/install -c
configure:4915: checking for bison
configure:4933: found /usr/bin/bison
configure:4945: result: /usr/bin/bison
configure:4955: checking for flex
configure:4973: found /usr/bin/flex
configure:4985: result: /usr/bin/flex
configure:4995: checking for perl
configure:5013: found /usr/bin/perl
configure:5026: result: /usr/bin/perl
configure:5083: checking for ocamlc
configure:5099: found /usr/bin/ocamlc
configure:5110: result: ocamlc
configure:5135: result: OCaml version is 3.11.2
configure:5144: result: OCaml library path is /usr/lib64/ocaml
configure:5194: checking for ocamlopt
configure:5210: found /usr/bin/ocamlopt
configure:5221: result: ocamlopt
configure:5304: checking for ocamlc.opt
configure:5320: found /usr/bin/ocamlc.opt
configure:5331: result: ocamlc.opt
configure:5408: checking for ocamlopt.opt
configure:5424: found /usr/bin/ocamlopt.opt
configure:5435: result: ocamlopt.opt
configure:5517: checking for ocaml
configure:5533: found /usr/bin/ocaml
configure:5544: result: ocaml
configure:5611: checking for ocamldep
configure:5627: found /usr/bin/ocamldep
configure:5638: result: ocamldep
configure:5705: checking for ocamlmktop
configure:5721: found /usr/bin/ocamlmktop
configure:5732: result: ocamlmktop
configure:5799: checking for ocamlmklib
configure:5815: found /usr/bin/ocamlmklib
configure:5826: result: ocamlmklib
configure:5893: checking for ocamldoc
configure:5923: result: no
configure:5987: checking for ocamlbuild
configure:6003: found /usr/bin/ocamlbuild
configure:6014: result: ocamlbuild
configure:6082: checking for ocamlfind
configure:6098: found /usr/bin/ocamlfind
configure:6109: result: ocamlfind
configure:6138: checking for gawk
configure:6154: found /bin/gawk
configure:6165: result: gawk
configure:6349: checking for checkpolicy
configure:6365: found /usr/bin/checkpolicy
configure:6376: result: checkpolicy
configure:6419: checking for bash
configure:6450: result: /bin/sh
configure:6474: checking for python
configure:6505: result: .:/usr/local/lib64/python2.6:/usr/local/lib64/python2.6/site-packages:/usr/lib64/python26.zip:/usr/lib64/python2.6:/usr/lib64/python2.6/plat-linux2:/usr/lib64/python2.6/lib-tk:/usr/lib64/python2.6/lib-old:/usr/lib64/python2.6/lib-dynload:/usr/lib64/python2.6/site-packages:/usr/lib64/python2.6/site-packages/gtk-2.0:/usr/lib/python2.6/site-packages
configure:6517: checking for python version >= 2.3 
configure:6527: result: yes
configure:6536: checking how to run the C preprocessor
configure:6567: gcc -E    conftest.c
configure:6567: $? = 0
configure:6581: gcc -E    conftest.c
conftest.c:12:28: error: ac_nonexistent.h: No such file or directory
configure:6581: $? = 1
configure: failed program was:
| /* confdefs.h */
| #define PACKAGE_NAME "Xen Hypervisor Tools"
| #define PACKAGE_TARNAME "xen"
| #define PACKAGE_VERSION "4.5"
| #define PACKAGE_STRING "Xen Hypervisor Tools 4.5"
| #define PACKAGE_BUGREPORT "xen-devel@lists.xen.org"
| #define PACKAGE_URL "http://www.xen.org/"
| #define HAVE_BLKTAP2 1
| #define HAVE_QEMU_TRADITIONAL 1
| #define HAVE_ROMBIOS 1
| /* end confdefs.h.  */
| #include <ac_nonexistent.h>
configure:6606: result: gcc -E
configure:6626: gcc -E    conftest.c
configure:6626: $? = 0
configure:6640: gcc -E    conftest.c
conftest.c:12:28: error: ac_nonexistent.h: No such file or directory
configure:6640: $? = 1
configure: failed program was:
| /* confdefs.h */
| #define PACKAGE_NAME "Xen Hypervisor Tools"
| #define PACKAGE_TARNAME "xen"
| #define PACKAGE_VERSION "4.5"
| #define PACKAGE_STRING "Xen Hypervisor Tools 4.5"
| #define PACKAGE_BUGREPORT "xen-devel@lists.xen.org"
| #define PACKAGE_URL "http://www.xen.org/"
| #define HAVE_BLKTAP2 1
| #define HAVE_QEMU_TRADITIONAL 1
| #define HAVE_ROMBIOS 1
| /* end confdefs.h.  */
| #include <ac_nonexistent.h>
configure:6669: checking for grep that handles long lines and -e
configure:6727: result: /bin/grep
configure:6732: checking for egrep
configure:6794: result: /bin/grep -E
configure:6799: checking for ANSI C header files
configure:6819: gcc -c -g -O2    conftest.c >&5
configure:6819: $? = 0
configure:6892: gcc -o conftest -g -O2       conftest.c  >&5
configure:6892: $? = 0
configure:6892: ./conftest
configure:6892: $? = 0
configure:6903: result: yes
configure:6916: checking for sys/types.h
configure:6916: gcc -c -g -O2    conftest.c >&5
configure:6916: $? = 0
configure:6916: result: yes
configure:6916: checking for sys/stat.h
configure:6916: gcc -c -g -O2    conftest.c >&5
configure:6916: $? = 0
configure:6916: result: yes
configure:6916: checking for stdlib.h
configure:6916: gcc -c -g -O2    conftest.c >&5
configure:6916: $? = 0
configure:6916: result: yes
configure:6916: checking for string.h
configure:6916: gcc -c -g -O2    conftest.c >&5
configure:6916: $? = 0
configure:6916: result: yes
configure:6916: checking for memory.h
configure:6916: gcc -c -g -O2    conftest.c >&5
configure:6916: $? = 0
configure:6916: result: yes
configure:6916: checking for strings.h
configure:6916: gcc -c -g -O2    conftest.c >&5
configure:6916: $? = 0
configure:6916: result: yes
configure:6916: checking for inttypes.h
configure:6916: gcc -c -g -O2    conftest.c >&5
configure:6916: $? = 0
configure:6916: result: yes
configure:6916: checking for stdint.h
configure:6916: gcc -c -g -O2    conftest.c >&5
configure:6916: $? = 0
configure:6916: result: yes
configure:6916: checking for unistd.h
configure:6916: gcc -c -g -O2    conftest.c >&5
configure:6916: $? = 0
configure:6916: result: yes
configure:6937: checking for python-config
configure:6955: found /usr/bin/python-config
configure:6968: result: /usr/bin/python-config
configure:7001: checking Python.h usability
configure:7001: gcc -c -g -O2 -g -O2 -I/usr/include/python2.6 -I/usr/include/python2.6 -fno-strict-aliasing -O2 -g -pipe -Wall -Wp,-D_FORTIFY_SOURCE=2 -fexceptions -fstack-protector --param=ssp-buffer-size=4 -m64 -mtune=generic -D_GNU_SOURCE -fPIC -fwrapv -DNDEBUG -O2 -g -pipe -Wall -Wp,-D_FORTIFY_SOURCE=2 -fexceptions -fstack-protector --param=ssp-buffer-size=4 -m64 -mtune=generic -D_GNU_SOURCE -fPIC -fwrapv conftest.c >&5
In file included from /usr/include/python2.6/pyconfig.h:6,
                 from /usr/include/python2.6/Python.h:8,
                 from conftest.c:55:
/usr/include/python2.6/pyconfig-64.h:1034:1: warning: "_POSIX_C_SOURCE" redefined
In file included from /usr/include/stdio.h:28,
                 from conftest.c:22:
/usr/include/features.h:162:1: warning: this is the location of the previous definition
In file included from /usr/include/python2.6/pyconfig.h:6,
                 from /usr/include/python2.6/Python.h:8,
                 from conftest.c:55:
/usr/include/python2.6/pyconfig-64.h:1043:1: warning: "_XOPEN_SOURCE" redefined
In file included from /usr/include/stdio.h:28,
                 from conftest.c:22:
/usr/include/features.h:164:1: warning: this is the location of the previous definition
configure:7001: $? = 0
configure:7001: result: yes
configure:7001: checking Python.h presence
configure:7001: gcc -E -g -O2 -I/usr/include/python2.6 -I/usr/include/python2.6 -fno-strict-aliasing -O2 -g -pipe -Wall -Wp,-D_FORTIFY_SOURCE=2 -fexceptions -fstack-protector --param=ssp-buffer-size=4 -m64 -mtune=generic -D_GNU_SOURCE -fPIC -fwrapv -DNDEBUG -O2 -g -pipe -Wall -Wp,-D_FORTIFY_SOURCE=2 -fexceptions -fstack-protector --param=ssp-buffer-size=4 -m64 -mtune=generic -D_GNU_SOURCE -fPIC -fwrapv conftest.c
configure:7001: $? = 0
configure:7001: result: yes
configure:7001: checking for Python.h
configure:7001: result: yes
configure:7010: checking for PyArg_ParseTuple in -lpython2.6
configure:7035: gcc -o conftest -g -O2 -g -O2 -I/usr/include/python2.6 -I/usr/include/python2.6 -fno-strict-aliasing -O2 -g -pipe -Wall -Wp,-D_FORTIFY_SOURCE=2 -fexceptions -fstack-protector --param=ssp-buffer-size=4 -m64 -mtune=generic -D_GNU_SOURCE -fPIC -fwrapv -DNDEBUG -O2 -g -pipe -Wall -Wp,-D_FORTIFY_SOURCE=2 -fexceptions -fstack-protector --param=ssp-buffer-size=4 -m64 -mtune=generic -D_GNU_SOURCE -fPIC -fwrapv    -lpthread -ldl -lutil -lm -lpython2.6 conftest.c -lpython2.6   >&5
configure:7035: $? = 0
configure:7045: result: yes
configure:7068: checking for xgettext
configure:7086: found /usr/bin/xgettext
configure:7099: result: /usr/bin/xgettext
configure:7115: checking for as86
configure:7133: found /usr/bin/as86
configure:7146: result: /usr/bin/as86
configure:7160: checking for ld86
configure:7178: found /usr/bin/ld86
configure:7191: result: /usr/bin/ld86
configure:7205: checking for bcc
configure:7223: found /usr/bin/bcc
configure:7236: result: /usr/bin/bcc
configure:7250: checking for iasl
configure:7268: found /usr/bin/iasl
configure:7281: result: /usr/bin/iasl
configure:7296: checking uuid/uuid.h usability
configure:7296: gcc -c -g -O2    conftest.c >&5
configure:7296: $? = 0
configure:7296: result: yes
configure:7296: checking uuid/uuid.h presence
configure:7296: gcc -E    conftest.c
configure:7296: $? = 0
configure:7296: result: yes
configure:7296: checking for uuid/uuid.h
configure:7296: result: yes
configure:7299: checking for uuid_clear in -luuid
configure:7324: gcc -o conftest -g -O2       -lpthread -ldl -lutil -lm -lpython2.6 conftest.c -luuid  -lpython2.6  >&5
configure:7324: $? = 0
configure:7333: result: yes
configure:7343: checking uuid.h usability
configure:7343: gcc -c -g -O2    conftest.c >&5
configure:7343: $? = 0
configure:7343: result: yes
configure:7343: checking uuid.h presence
configure:7343: gcc -E    conftest.c
configure:7343: $? = 0
configure:7343: result: yes
configure:7343: checking for uuid.h
configure:7343: result: yes
configure:7356: checking curses.h usability
configure:7356: gcc -c -g -O2    conftest.c >&5
configure:7356: $? = 0
configure:7356: result: yes
configure:7356: checking curses.h presence
configure:7356: gcc -E    conftest.c
configure:7356: $? = 0
configure:7356: result: yes
configure:7356: checking for curses.h
configure:7356: result: yes
configure:7359: checking for clear in -lcurses
configure:7384: gcc -o conftest -g -O2       -lpthread -ldl -lutil -lm -lpython2.6 conftest.c -lcurses  -lpython2.6  >&5
configure:7384: $? = 0
configure:7393: result: yes
configure:7407: checking ncurses.h usability
configure:7407: gcc -c -g -O2    conftest.c >&5
configure:7407: $? = 0
configure:7407: result: yes
configure:7407: checking ncurses.h presence
configure:7407: gcc -E    conftest.c
configure:7407: $? = 0
configure:7407: result: yes
configure:7407: checking for ncurses.h
configure:7407: result: yes
configure:7410: checking for clear in -lncurses
configure:7435: gcc -o conftest -g -O2       -lpthread -ldl -lutil -lm -lpython2.6 conftest.c -lncurses  -lpython2.6  >&5
configure:7435: $? = 0
configure:7444: result: yes
configure:7535: checking for pkg-config
configure:7553: found /usr/bin/pkg-config
configure:7565: result: /usr/bin/pkg-config
configure:7590: checking pkg-config is at least version 0.9.0
configure:7593: result: yes
configure:7603: checking for glib
configure:7610: $PKG_CONFIG --exists --print-errors "glib-2.0 >= 2.12"
configure:7613: $? = 0
configure:7627: $PKG_CONFIG --exists --print-errors "glib-2.0 >= 2.12"
configure:7630: $? = 0
configure:7688: result: yes
configure:7695: checking for wget
configure:7713: found /usr/bin/wget
configure:7726: result: /usr/bin/wget
configure:7796: checking bzlib.h usability
configure:7796: gcc -c -g -O2    conftest.c >&5
configure:7796: $? = 0
configure:7796: result: yes
configure:7796: checking bzlib.h presence
configure:7796: gcc -E    conftest.c
configure:7796: $? = 0
configure:7796: result: yes
configure:7796: checking for bzlib.h
configure:7796: result: yes
configure:7799: checking for BZ2_bzDecompressInit in -lbz2
configure:7824: gcc -o conftest -g -O2       -lpthread -ldl -lutil -lm -lpython2.6 conftest.c -lbz2  -lpython2.6  >&5
configure:7824: $? = 0
configure:7833: result: yes
configure:7843: checking lzma.h usability
configure:7843: gcc -c -g -O2    conftest.c >&5
configure:7843: $? = 0
configure:7843: result: yes
configure:7843: checking lzma.h presence
configure:7843: gcc -E    conftest.c
configure:7843: $? = 0
configure:7843: result: yes
configure:7843: checking for lzma.h
configure:7843: result: yes
configure:7846: checking for lzma_stream_decoder in -llzma
configure:7871: gcc -o conftest -g -O2       -lpthread -ldl -lutil -lm -lpython2.6 conftest.c -llzma  -lpython2.6  >&5
configure:7871: $? = 0
configure:7880: result: yes
configure:7890: checking lzo/lzo1x.h usability
configure:7890: gcc -c -g -O2    conftest.c >&5
conftest.c:57:23: error: lzo/lzo1x.h: No such file or directory
configure:7890: $? = 1
configure: failed program was:
| /* confdefs.h */
| #define PACKAGE_NAME "Xen Hypervisor Tools"
| #define PACKAGE_TARNAME "xen"
| #define PACKAGE_VERSION "4.5"
| #define PACKAGE_STRING "Xen Hypervisor Tools 4.5"
| #define PACKAGE_BUGREPORT "xen-devel@lists.xen.org"
| #define PACKAGE_URL "http://www.xen.org/"
| #define HAVE_BLKTAP2 1
| #define HAVE_QEMU_TRADITIONAL 1
| #define HAVE_ROMBIOS 1
| #define STDC_HEADERS 1
| #define HAVE_SYS_TYPES_H 1
| #define HAVE_SYS_STAT_H 1
| #define HAVE_STDLIB_H 1
| #define HAVE_STRING_H 1
| #define HAVE_MEMORY_H 1
| #define HAVE_STRINGS_H 1
| #define HAVE_INTTYPES_H 1
| #define HAVE_STDINT_H 1
| #define HAVE_UNISTD_H 1
| #define HAVE_LIBPYTHON2_6 1
| #define INCLUDE_CURSES_H <ncurses.h>
| /* end confdefs.h.  */
| #include <stdio.h>
| #ifdef HAVE_SYS_TYPES_H
| # include <sys/types.h>
| #endif
| #ifdef HAVE_SYS_STAT_H
| # include <sys/stat.h>
| #endif
| #ifdef STDC_HEADERS
| # include <stdlib.h>
| # include <stddef.h>
| #else
| # ifdef HAVE_STDLIB_H
| #  include <stdlib.h>
| # endif
| #endif
| #ifdef HAVE_STRING_H
| # if !defined STDC_HEADERS && defined HAVE_MEMORY_H
| #  include <memory.h>
| # endif
| # include <string.h>
| #endif
| #ifdef HAVE_STRINGS_H
| # include <strings.h>
| #endif
| #ifdef HAVE_INTTYPES_H
| # include <inttypes.h>
| #endif
| #ifdef HAVE_STDINT_H
| # include <stdint.h>
| #endif
| #ifdef HAVE_UNISTD_H
| # include <unistd.h>
| #endif
| #include <lzo/lzo1x.h>
configure:7890: result: no
configure:7890: checking lzo/lzo1x.h presence
configure:7890: gcc -E    conftest.c
conftest.c:24:23: error: lzo/lzo1x.h: No such file or directory
configure:7890: $? = 1
configure: failed program was:
| /* confdefs.h */
| #define PACKAGE_NAME "Xen Hypervisor Tools"
| #define PACKAGE_TARNAME "xen"
| #define PACKAGE_VERSION "4.5"
| #define PACKAGE_STRING "Xen Hypervisor Tools 4.5"
| #define PACKAGE_BUGREPORT "xen-devel@lists.xen.org"
| #define PACKAGE_URL "http://www.xen.org/"
| #define HAVE_BLKTAP2 1
| #define HAVE_QEMU_TRADITIONAL 1
| #define HAVE_ROMBIOS 1
| #define STDC_HEADERS 1
| #define HAVE_SYS_TYPES_H 1
| #define HAVE_SYS_STAT_H 1
| #define HAVE_STDLIB_H 1
| #define HAVE_STRING_H 1
| #define HAVE_MEMORY_H 1
| #define HAVE_STRINGS_H 1
| #define HAVE_INTTYPES_H 1
| #define HAVE_STDINT_H 1
| #define HAVE_UNISTD_H 1
| #define HAVE_LIBPYTHON2_6 1
| #define INCLUDE_CURSES_H <ncurses.h>
| /* end confdefs.h.  */
| #include <lzo/lzo1x.h>
configure:7890: result: no
configure:7890: checking for lzo/lzo1x.h
configure:7890: result: no
configure:7940: checking for io_setup in -laio
configure:7965: gcc -o conftest -g -O2       -lpthread -ldl -lutil -lm -lpython2.6 conftest.c -laio  -lpython2.6  >&5
configure:7965: $? = 0
configure:7974: result: yes
configure:7990: checking for MD5 in -lcrypto
configure:8015: gcc -o conftest -g -O2       -lpthread -ldl -lutil -lm -lpython2.6 conftest.c -lcrypto  -laio -lpython2.6  >&5
configure:8015: $? = 0
configure:8024: result: yes
configure:8038: checking ext2fs/ext2fs.h usability
configure:8038: gcc -c -g -O2    conftest.c >&5
configure:8038: $? = 0
configure:8038: result: yes
configure:8038: checking ext2fs/ext2fs.h presence
configure:8038: gcc -E    conftest.c
configure:8038: $? = 0
configure:8038: result: yes
configure:8038: checking for ext2fs/ext2fs.h
configure:8038: result: yes
configure:8041: checking for ext2fs_open2 in -lext2fs
configure:8066: gcc -o conftest -g -O2       -lpthread -ldl -lutil -lm -lpython2.6 conftest.c -lext2fs  -lcrypto -laio -lpython2.6  >&5
configure:8066: $? = 0
configure:8075: result: yes
configure:8090: checking ext4fs/ext2fs.h usability
configure:8090: gcc -c -g -O2    conftest.c >&5
conftest.c:60:27: error: ext4fs/ext2fs.h: No such file or directory
configure:8090: $? = 1
configure: failed program was:
| /* confdefs.h */
| #define PACKAGE_NAME "Xen Hypervisor Tools"
| #define PACKAGE_TARNAME "xen"
| #define PACKAGE_VERSION "4.5"
| #define PACKAGE_STRING "Xen Hypervisor Tools 4.5"
| #define PACKAGE_BUGREPORT "xen-devel@lists.xen.org"
| #define PACKAGE_URL "http://www.xen.org/"
| #define HAVE_BLKTAP2 1
| #define HAVE_QEMU_TRADITIONAL 1
| #define HAVE_ROMBIOS 1
| #define STDC_HEADERS 1
| #define HAVE_SYS_TYPES_H 1
| #define HAVE_SYS_STAT_H 1
| #define HAVE_STDLIB_H 1
| #define HAVE_STRING_H 1
| #define HAVE_MEMORY_H 1
| #define HAVE_STRINGS_H 1
| #define HAVE_INTTYPES_H 1
| #define HAVE_STDINT_H 1
| #define HAVE_UNISTD_H 1
| #define HAVE_LIBPYTHON2_6 1
| #define INCLUDE_CURSES_H <ncurses.h>
| #define HAVE_LIBAIO 1
| #define HAVE_LIBCRYPTO 1
| #define INCLUDE_EXTFS_H <ext2fs/ext2fs.h>
| /* end confdefs.h.  */
| #include <stdio.h>
| #ifdef HAVE_SYS_TYPES_H
| # include <sys/types.h>
| #endif
| #ifdef HAVE_SYS_STAT_H
| # include <sys/stat.h>
| #endif
| #ifdef STDC_HEADERS
| # include <stdlib.h>
| # include <stddef.h>
| #else
| # ifdef HAVE_STDLIB_H
| #  include <stdlib.h>
| # endif
| #endif
| #ifdef HAVE_STRING_H
| # if !defined STDC_HEADERS && defined HAVE_MEMORY_H
| #  include <memory.h>
| # endif
| # include <string.h>
| #endif
| #ifdef HAVE_STRINGS_H
| # include <strings.h>
| #endif
| #ifdef HAVE_INTTYPES_H
| # include <inttypes.h>
| #endif
| #ifdef HAVE_STDINT_H
| # include <stdint.h>
| #endif
| #ifdef HAVE_UNISTD_H
| # include <unistd.h>
| #endif
| #include <ext4fs/ext2fs.h>
configure:8090: result: no
configure:8090: checking ext4fs/ext2fs.h presence
configure:8090: gcc -E    conftest.c
conftest.c:27:27: error: ext4fs/ext2fs.h: No such file or directory
configure:8090: $? = 1
configure: failed program was:
| /* confdefs.h */
| #define PACKAGE_NAME "Xen Hypervisor Tools"
| #define PACKAGE_TARNAME "xen"
| #define PACKAGE_VERSION "4.5"
| #define PACKAGE_STRING "Xen Hypervisor Tools 4.5"
| #define PACKAGE_BUGREPORT "xen-devel@lists.xen.org"
| #define PACKAGE_URL "http://www.xen.org/"
| #define HAVE_BLKTAP2 1
| #define HAVE_QEMU_TRADITIONAL 1
| #define HAVE_ROMBIOS 1
| #define STDC_HEADERS 1
| #define HAVE_SYS_TYPES_H 1
| #define HAVE_SYS_STAT_H 1
| #define HAVE_STDLIB_H 1
| #define HAVE_STRING_H 1
| #define HAVE_MEMORY_H 1
| #define HAVE_STRINGS_H 1
| #define HAVE_INTTYPES_H 1
| #define HAVE_STDINT_H 1
| #define HAVE_UNISTD_H 1
| #define HAVE_LIBPYTHON2_6 1
| #define INCLUDE_CURSES_H <ncurses.h>
| #define HAVE_LIBAIO 1
| #define HAVE_LIBCRYPTO 1
| #define INCLUDE_EXTFS_H <ext2fs/ext2fs.h>
| /* end confdefs.h.  */
| #include <ext4fs/ext2fs.h>
configure:8090: result: no
configure:8090: checking for ext4fs/ext2fs.h
configure:8090: result: no
configure:8144: checking for gcry_md_hash_buffer in -lgcrypt
configure:8169: gcc -o conftest -g -O2       -lpthread -ldl -lutil -lm -lpython2.6 conftest.c -lgcrypt  -lcrypto -laio -lpython2.6  >&5
/usr/bin/ld: cannot find -lgcrypt
collect2: ld returned 1 exit status
configure:8169: $? = 1
configure: failed program was:
| /* confdefs.h */
| #define PACKAGE_NAME "Xen Hypervisor Tools"
| #define PACKAGE_TARNAME "xen"
| #define PACKAGE_VERSION "4.5"
| #define PACKAGE_STRING "Xen Hypervisor Tools 4.5"
| #define PACKAGE_BUGREPORT "xen-devel@lists.xen.org"
| #define PACKAGE_URL "http://www.xen.org/"
| #define HAVE_BLKTAP2 1
| #define HAVE_QEMU_TRADITIONAL 1
| #define HAVE_ROMBIOS 1
| #define STDC_HEADERS 1
| #define HAVE_SYS_TYPES_H 1
| #define HAVE_SYS_STAT_H 1
| #define HAVE_STDLIB_H 1
| #define HAVE_STRING_H 1
| #define HAVE_MEMORY_H 1
| #define HAVE_STRINGS_H 1
| #define HAVE_INTTYPES_H 1
| #define HAVE_STDINT_H 1
| #define HAVE_UNISTD_H 1
| #define HAVE_LIBPYTHON2_6 1
| #define INCLUDE_CURSES_H <ncurses.h>
| #define HAVE_LIBAIO 1
| #define HAVE_LIBCRYPTO 1
| #define INCLUDE_EXTFS_H <ext2fs/ext2fs.h>
| /* end confdefs.h.  */
| 
| /* Override any GCC internal prototype to avoid an error.
|    Use char because int might match the return type of a GCC
|    builtin and then its argument prototype would still apply.  */
| #ifdef __cplusplus
| extern "C"
| #endif
| char gcry_md_hash_buffer ();
| int
| main ()
| {
| return gcry_md_hash_buffer ();
|   ;
|   return 0;
| }
configure:8178: result: no
configure:8188: checking for pthread flag
configure:8224: gcc -o conftest -g -O2 -pthread       -lpthread -ldl -lutil -lm -lpython2.6 -pthread conftest.c -lcrypto -laio -lpython2.6   >&5
configure:8224: $? = 0
configure:8240: result: -pthread
configure:8257: checking libutil.h usability
configure:8257: gcc -c -g -O2    -Werror conftest.c >&5
conftest.c:60:21: error: libutil.h: No such file or directory
configure:8257: $? = 1
configure: failed program was:
| /* confdefs.h */
| #define PACKAGE_NAME "Xen Hypervisor Tools"
| #define PACKAGE_TARNAME "xen"
| #define PACKAGE_VERSION "4.5"
| #define PACKAGE_STRING "Xen Hypervisor Tools 4.5"
| #define PACKAGE_BUGREPORT "xen-devel@lists.xen.org"
| #define PACKAGE_URL "http://www.xen.org/"
| #define HAVE_BLKTAP2 1
| #define HAVE_QEMU_TRADITIONAL 1
| #define HAVE_ROMBIOS 1
| #define STDC_HEADERS 1
| #define HAVE_SYS_TYPES_H 1
| #define HAVE_SYS_STAT_H 1
| #define HAVE_STDLIB_H 1
| #define HAVE_STRING_H 1
| #define HAVE_MEMORY_H 1
| #define HAVE_STRINGS_H 1
| #define HAVE_INTTYPES_H 1
| #define HAVE_STDINT_H 1
| #define HAVE_UNISTD_H 1
| #define HAVE_LIBPYTHON2_6 1
| #define INCLUDE_CURSES_H <ncurses.h>
| #define HAVE_LIBAIO 1
| #define HAVE_LIBCRYPTO 1
| #define INCLUDE_EXTFS_H <ext2fs/ext2fs.h>
| /* end confdefs.h.  */
| #include <stdio.h>
| #ifdef HAVE_SYS_TYPES_H
| # include <sys/types.h>
| #endif
| #ifdef HAVE_SYS_STAT_H
| # include <sys/stat.h>
| #endif
| #ifdef STDC_HEADERS
| # include <stdlib.h>
| # include <stddef.h>
| #else
| # ifdef HAVE_STDLIB_H
| #  include <stdlib.h>
| # endif
| #endif
| #ifdef HAVE_STRING_H
| # if !defined STDC_HEADERS && defined HAVE_MEMORY_H
| #  include <memory.h>
| # endif
| # include <string.h>
| #endif
| #ifdef HAVE_STRINGS_H
| # include <strings.h>
| #endif
| #ifdef HAVE_INTTYPES_H
| # include <inttypes.h>
| #endif
| #ifdef HAVE_STDINT_H
| # include <stdint.h>
| #endif
| #ifdef HAVE_UNISTD_H
| # include <unistd.h>
| #endif
| #include <libutil.h>
configure:8257: result: no
configure:8257: checking libutil.h presence
configure:8257: gcc -E    -Werror conftest.c
conftest.c:27:21: error: libutil.h: No such file or directory
configure:8257: $? = 1
configure: failed program was:
| /* confdefs.h */
| #define PACKAGE_NAME "Xen Hypervisor Tools"
| #define PACKAGE_TARNAME "xen"
| #define PACKAGE_VERSION "4.5"
| #define PACKAGE_STRING "Xen Hypervisor Tools 4.5"
| #define PACKAGE_BUGREPORT "xen-devel@lists.xen.org"
| #define PACKAGE_URL "http://www.xen.org/"
| #define HAVE_BLKTAP2 1
| #define HAVE_QEMU_TRADITIONAL 1
| #define HAVE_ROMBIOS 1
| #define STDC_HEADERS 1
| #define HAVE_SYS_TYPES_H 1
| #define HAVE_SYS_STAT_H 1
| #define HAVE_STDLIB_H 1
| #define HAVE_STRING_H 1
| #define HAVE_MEMORY_H 1
| #define HAVE_STRINGS_H 1
| #define HAVE_INTTYPES_H 1
| #define HAVE_STDINT_H 1
| #define HAVE_UNISTD_H 1
| #define HAVE_LIBPYTHON2_6 1
| #define INCLUDE_CURSES_H <ncurses.h>
| #define HAVE_LIBAIO 1
| #define HAVE_LIBCRYPTO 1
| #define INCLUDE_EXTFS_H <ext2fs/ext2fs.h>
| /* end confdefs.h.  */
| #include <libutil.h>
configure:8257: result: no
configure:8257: checking for libutil.h
configure:8257: result: no
configure:8270: checking for openpty et al
configure:8299: gcc -o conftest -g -O2       -lpthread -ldl -lutil -lm -lpython2.6 conftest.c -lcrypto -laio -lpython2.6  -lutil >&5
configure:8299: $? = 0
configure:8312: result: -lutil
configure:8317: checking for yajl_alloc in -lyajl
configure:8342: gcc -o conftest -g -O2       -lpthread -ldl -lutil -lm -lpython2.6 conftest.c -lyajl  -lcrypto -laio -lpython2.6  -lutil >&5
configure:8342: $? = 0
configure:8351: result: yes
configure:8364: checking for deflateCopy in -lz
configure:8389: gcc -o conftest -g -O2       -lpthread -ldl -lutil -lm -lpython2.6 conftest.c -lz  -lyajl -lcrypto -laio -lpython2.6  -lutil >&5
configure:8389: $? = 0
configure:8398: result: yes
configure:8411: checking for libiconv_open in -liconv
configure:8436: gcc -o conftest -g -O2       -lpthread -ldl -lutil -lm -lpython2.6 conftest.c -liconv  -lz -lyajl -lcrypto -laio -lpython2.6  -lutil >&5
/usr/bin/ld: cannot find -liconv
collect2: ld returned 1 exit status
configure:8436: $? = 1
configure: failed program was:
| /* confdefs.h */
| #define PACKAGE_NAME "Xen Hypervisor Tools"
| #define PACKAGE_TARNAME "xen"
| #define PACKAGE_VERSION "4.5"
| #define PACKAGE_STRING "Xen Hypervisor Tools 4.5"
| #define PACKAGE_BUGREPORT "xen-devel@lists.xen.org"
| #define PACKAGE_URL "http://www.xen.org/"
| #define HAVE_BLKTAP2 1
| #define HAVE_QEMU_TRADITIONAL 1
| #define HAVE_ROMBIOS 1
| #define STDC_HEADERS 1
| #define HAVE_SYS_TYPES_H 1
| #define HAVE_SYS_STAT_H 1
| #define HAVE_STDLIB_H 1
| #define HAVE_STRING_H 1
| #define HAVE_MEMORY_H 1
| #define HAVE_STRINGS_H 1
| #define HAVE_INTTYPES_H 1
| #define HAVE_STDINT_H 1
| #define HAVE_UNISTD_H 1
| #define HAVE_LIBPYTHON2_6 1
| #define INCLUDE_CURSES_H <ncurses.h>
| #define HAVE_LIBAIO 1
| #define HAVE_LIBCRYPTO 1
| #define INCLUDE_EXTFS_H <ext2fs/ext2fs.h>
| #define HAVE_LIBYAJL 1
| #define HAVE_LIBZ 1
| /* end confdefs.h.  */
| 
| /* Override any GCC internal prototype to avoid an error.
|    Use char because int might match the return type of a GCC
|    builtin and then its argument prototype would still apply.  */
| #ifdef __cplusplus
| extern "C"
| #endif
| char libiconv_open ();
| int
| main ()
| {
| return libiconv_open ();
|   ;
|   return 0;
| }
configure:8445: result: no
configure:8511: checking yajl/yajl_version.h usability
configure:8511: gcc -c -g -O2    conftest.c >&5
conftest.c:62:31: error: yajl/yajl_version.h: No such file or directory
configure:8511: $? = 1
configure: failed program was:
| /* confdefs.h */
| #define PACKAGE_NAME "Xen Hypervisor Tools"
| #define PACKAGE_TARNAME "xen"
| #define PACKAGE_VERSION "4.5"
| #define PACKAGE_STRING "Xen Hypervisor Tools 4.5"
| #define PACKAGE_BUGREPORT "xen-devel@lists.xen.org"
| #define PACKAGE_URL "http://www.xen.org/"
| #define HAVE_BLKTAP2 1
| #define HAVE_QEMU_TRADITIONAL 1
| #define HAVE_ROMBIOS 1
| #define STDC_HEADERS 1
| #define HAVE_SYS_TYPES_H 1
| #define HAVE_SYS_STAT_H 1
| #define HAVE_STDLIB_H 1
| #define HAVE_STRING_H 1
| #define HAVE_MEMORY_H 1
| #define HAVE_STRINGS_H 1
| #define HAVE_INTTYPES_H 1
| #define HAVE_STDINT_H 1
| #define HAVE_UNISTD_H 1
| #define HAVE_LIBPYTHON2_6 1
| #define INCLUDE_CURSES_H <ncurses.h>
| #define HAVE_LIBAIO 1
| #define HAVE_LIBCRYPTO 1
| #define INCLUDE_EXTFS_H <ext2fs/ext2fs.h>
| #define HAVE_LIBYAJL 1
| #define HAVE_LIBZ 1
| /* end confdefs.h.  */
| #include <stdio.h>
| #ifdef HAVE_SYS_TYPES_H
| # include <sys/types.h>
| #endif
| #ifdef HAVE_SYS_STAT_H
| # include <sys/stat.h>
| #endif
| #ifdef STDC_HEADERS
| # include <stdlib.h>
| # include <stddef.h>
| #else
| # ifdef HAVE_STDLIB_H
| #  include <stdlib.h>
| # endif
| #endif
| #ifdef HAVE_STRING_H
| # if !defined STDC_HEADERS && defined HAVE_MEMORY_H
| #  include <memory.h>
| # endif
| # include <string.h>
| #endif
| #ifdef HAVE_STRINGS_H
| # include <strings.h>
| #endif
| #ifdef HAVE_INTTYPES_H
| # include <inttypes.h>
| #endif
| #ifdef HAVE_STDINT_H
| # include <stdint.h>
| #endif
| #ifdef HAVE_UNISTD_H
| # include <unistd.h>
| #endif
| #include <yajl/yajl_version.h>
configure:8511: result: no
configure:8511: checking yajl/yajl_version.h presence
configure:8511: gcc -E    conftest.c
conftest.c:29:31: error: yajl/yajl_version.h: No such file or directory
configure:8511: $? = 1
configure: failed program was:
| /* confdefs.h */
| #define PACKAGE_NAME "Xen Hypervisor Tools"
| #define PACKAGE_TARNAME "xen"
| #define PACKAGE_VERSION "4.5"
| #define PACKAGE_STRING "Xen Hypervisor Tools 4.5"
| #define PACKAGE_BUGREPORT "xen-devel@lists.xen.org"
| #define PACKAGE_URL "http://www.xen.org/"
| #define HAVE_BLKTAP2 1
| #define HAVE_QEMU_TRADITIONAL 1
| #define HAVE_ROMBIOS 1
| #define STDC_HEADERS 1
| #define HAVE_SYS_TYPES_H 1
| #define HAVE_SYS_STAT_H 1
| #define HAVE_STDLIB_H 1
| #define HAVE_STRING_H 1
| #define HAVE_MEMORY_H 1
| #define HAVE_STRINGS_H 1
| #define HAVE_INTTYPES_H 1
| #define HAVE_STDINT_H 1
| #define HAVE_UNISTD_H 1
| #define HAVE_LIBPYTHON2_6 1
| #define INCLUDE_CURSES_H <ncurses.h>
| #define HAVE_LIBAIO 1
| #define HAVE_LIBCRYPTO 1
| #define INCLUDE_EXTFS_H <ext2fs/ext2fs.h>
| #define HAVE_LIBYAJL 1
| #define HAVE_LIBZ 1
| /* end confdefs.h.  */
| #include <yajl/yajl_version.h>
configure:8511: result: no
configure:8511: checking for yajl/yajl_version.h
configure:8511: result: no
configure:8511: checking sys/eventfd.h usability
configure:8511: gcc -c -g -O2    conftest.c >&5
configure:8511: $? = 0
configure:8511: result: yes
configure:8511: checking sys/eventfd.h presence
configure:8511: gcc -E    conftest.c
configure:8511: $? = 0
configure:8511: result: yes
configure:8511: checking for sys/eventfd.h
configure:8511: result: yes
configure:8511: checking valgrind/memcheck.h usability
configure:8511: gcc -c -g -O2    conftest.c >&5
conftest.c:63:31: error: valgrind/memcheck.h: No such file or directory
configure:8511: $? = 1
configure: failed program was:
| /* confdefs.h */
| #define PACKAGE_NAME "Xen Hypervisor Tools"
| #define PACKAGE_TARNAME "xen"
| #define PACKAGE_VERSION "4.5"
| #define PACKAGE_STRING "Xen Hypervisor Tools 4.5"
| #define PACKAGE_BUGREPORT "xen-devel@lists.xen.org"
| #define PACKAGE_URL "http://www.xen.org/"
| #define HAVE_BLKTAP2 1
| #define HAVE_QEMU_TRADITIONAL 1
| #define HAVE_ROMBIOS 1
| #define STDC_HEADERS 1
| #define HAVE_SYS_TYPES_H 1
| #define HAVE_SYS_STAT_H 1
| #define HAVE_STDLIB_H 1
| #define HAVE_STRING_H 1
| #define HAVE_MEMORY_H 1
| #define HAVE_STRINGS_H 1
| #define HAVE_INTTYPES_H 1
| #define HAVE_STDINT_H 1
| #define HAVE_UNISTD_H 1
| #define HAVE_LIBPYTHON2_6 1
| #define INCLUDE_CURSES_H <ncurses.h>
| #define HAVE_LIBAIO 1
| #define HAVE_LIBCRYPTO 1
| #define INCLUDE_EXTFS_H <ext2fs/ext2fs.h>
| #define HAVE_LIBYAJL 1
| #define HAVE_LIBZ 1
| #define HAVE_SYS_EVENTFD_H 1
| /* end confdefs.h.  */
| #include <stdio.h>
| #ifdef HAVE_SYS_TYPES_H
| # include <sys/types.h>
| #endif
| #ifdef HAVE_SYS_STAT_H
| # include <sys/stat.h>
| #endif
| #ifdef STDC_HEADERS
| # include <stdlib.h>
| # include <stddef.h>
| #else
| # ifdef HAVE_STDLIB_H
| #  include <stdlib.h>
| # endif
| #endif
| #ifdef HAVE_STRING_H
| # if !defined STDC_HEADERS && defined HAVE_MEMORY_H
| #  include <memory.h>
| # endif
| # include <string.h>
| #endif
| #ifdef HAVE_STRINGS_H
| # include <strings.h>
| #endif
| #ifdef HAVE_INTTYPES_H
| # include <inttypes.h>
| #endif
| #ifdef HAVE_STDINT_H
| # include <stdint.h>
| #endif
| #ifdef HAVE_UNISTD_H
| # include <unistd.h>
| #endif
| #include <valgrind/memcheck.h>
configure:8511: result: no
configure:8511: checking valgrind/memcheck.h presence
configure:8511: gcc -E    conftest.c
conftest.c:30:31: error: valgrind/memcheck.h: No such file or directory
configure:8511: $? = 1
configure: failed program was:
| /* confdefs.h */
| #define PACKAGE_NAME "Xen Hypervisor Tools"
| #define PACKAGE_TARNAME "xen"
| #define PACKAGE_VERSION "4.5"
| #define PACKAGE_STRING "Xen Hypervisor Tools 4.5"
| #define PACKAGE_BUGREPORT "xen-devel@lists.xen.org"
| #define PACKAGE_URL "http://www.xen.org/"
| #define HAVE_BLKTAP2 1
| #define HAVE_QEMU_TRADITIONAL 1
| #define HAVE_ROMBIOS 1
| #define STDC_HEADERS 1
| #define HAVE_SYS_TYPES_H 1
| #define HAVE_SYS_STAT_H 1
| #define HAVE_STDLIB_H 1
| #define HAVE_STRING_H 1
| #define HAVE_MEMORY_H 1
| #define HAVE_STRINGS_H 1
| #define HAVE_INTTYPES_H 1
| #define HAVE_STDINT_H 1
| #define HAVE_UNISTD_H 1
| #define HAVE_LIBPYTHON2_6 1
| #define INCLUDE_CURSES_H <ncurses.h>
| #define HAVE_LIBAIO 1
| #define HAVE_LIBCRYPTO 1
| #define INCLUDE_EXTFS_H <ext2fs/ext2fs.h>
| #define HAVE_LIBYAJL 1
| #define HAVE_LIBZ 1
| #define HAVE_SYS_EVENTFD_H 1
| /* end confdefs.h.  */
| #include <valgrind/memcheck.h>
configure:8511: result: no
configure:8511: checking for valgrind/memcheck.h
configure:8511: result: no
configure:8511: checking utmp.h usability
configure:8511: gcc -c -g -O2    conftest.c >&5
configure:8511: $? = 0
configure:8511: result: yes
configure:8511: checking utmp.h presence
configure:8511: gcc -E    conftest.c
configure:8511: $? = 0
configure:8511: result: yes
configure:8511: checking for utmp.h
configure:8511: result: yes
configure:8525: checking for LIBNL3
configure:8532: $PKG_CONFIG --exists --print-errors "libnl-3.0 >= 3.2.8 libnl-route-3.0 >= 3.2.8"
Package libnl-3.0 was not found in the pkg-config search path.
Perhaps you should add the directory containing `libnl-3.0.pc'
to the PKG_CONFIG_PATH environment variable
No package 'libnl-3.0' found
Package libnl-route-3.0 was not found in the pkg-config search path.
Perhaps you should add the directory containing `libnl-route-3.0.pc'
to the PKG_CONFIG_PATH environment variable
No package 'libnl-route-3.0' found
configure:8535: $? = 1
configure:8549: $PKG_CONFIG --exists --print-errors "libnl-3.0 >= 3.2.8 libnl-route-3.0 >= 3.2.8"
Package libnl-3.0 was not found in the pkg-config search path.
Perhaps you should add the directory containing `libnl-3.0.pc'
to the PKG_CONFIG_PATH environment variable
No package 'libnl-3.0' found
Package libnl-route-3.0 was not found in the pkg-config search path.
Perhaps you should add the directory containing `libnl-route-3.0.pc'
to the PKG_CONFIG_PATH environment variable
No package 'libnl-route-3.0' found
configure:8552: $? = 1
configure:8566: result: no
No package 'libnl-3.0' found
No package 'libnl-route-3.0' found
configure:8599: WARNING: Disabling support for Remus network buffering.
    Please install libnl3 libraries, command line tools and devel
    headers - version 3.2.8 or higher
configure:8668: checking for SYSTEMD
configure:8675: $PKG_CONFIG --exists --print-errors "libsystemd-daemon"
Package libsystemd-daemon was not found in the pkg-config search path.
Perhaps you should add the directory containing `libsystemd-daemon.pc'
to the PKG_CONFIG_PATH environment variable
No package 'libsystemd-daemon' found
configure:8678: $? = 1
configure:8692: $PKG_CONFIG --exists --print-errors "libsystemd-daemon"
Package libsystemd-daemon was not found in the pkg-config search path.
Perhaps you should add the directory containing `libsystemd-daemon.pc'
to the PKG_CONFIG_PATH environment variable
No package 'libsystemd-daemon' found
configure:8695: $? = 1
configure:8709: result: no
No package 'libsystemd-daemon' found
configure:8990: creating ./config.status

## ---------------------- ##
## Running config.status. ##
## ---------------------- ##

This file was extended by Xen Hypervisor Tools config.status 4.5, which was
generated by GNU Autoconf 2.69.  Invocation command line was

  CONFIG_FILES    = 
  CONFIG_HEADERS  = 
  CONFIG_LINKS    = 
  CONFIG_COMMANDS = 
  $ ./config.status 

on disco-0004

config.status:939: creating ../config/Tools.mk
config.status:939: creating hotplug/FreeBSD/rc.d/xencommons
config.status:939: creating hotplug/Linux/init.d/sysconfig.xencommons
config.status:939: creating hotplug/Linux/init.d/xen-watchdog
config.status:939: creating hotplug/Linux/init.d/xencommons
config.status:939: creating hotplug/Linux/init.d/xendomains
config.status:939: creating hotplug/Linux/systemd/proc-xen.mount
config.status:939: creating hotplug/Linux/systemd/var-lib-xenstored.mount
config.status:939: creating hotplug/Linux/systemd/xen-init-dom0.service
config.status:939: creating hotplug/Linux/systemd/xen-qemu-dom0-disk-backend.service
config.status:939: creating hotplug/Linux/systemd/xen-watchdog.service
config.status:939: creating hotplug/Linux/systemd/xenconsoled.service
config.status:939: creating hotplug/Linux/systemd/xendomains.service
config.status:939: creating hotplug/Linux/systemd/xenstored.service
config.status:939: creating hotplug/Linux/systemd/xenstored.socket
config.status:939: creating hotplug/Linux/systemd/xenstored_ro.socket
config.status:939: creating hotplug/Linux/vif-setup
config.status:939: creating hotplug/Linux/xen-backend.rules
config.status:939: creating hotplug/Linux/xen-hotplug-common.sh
config.status:939: creating hotplug/Linux/xendomains
config.status:939: creating hotplug/NetBSD/rc.d/xencommons
config.status:939: creating config.h

## ---------------- ##
## Cache variables. ##
## ---------------- ##

ac_cv_build=x86_64-unknown-linux-gnu
ac_cv_c_compiler_gnu=yes
ac_cv_env_APPEND_INCLUDES_set=
ac_cv_env_APPEND_INCLUDES_value=
ac_cv_env_APPEND_LIB_set=
ac_cv_env_APPEND_LIB_value=
ac_cv_env_AS86_set=
ac_cv_env_AS86_value=
ac_cv_env_BASH_set=set
ac_cv_env_BASH_value=/bin/sh
ac_cv_env_BCC_set=
ac_cv_env_BCC_value=
ac_cv_env_BISON_set=
ac_cv_env_BISON_value=
ac_cv_env_CC_set=
ac_cv_env_CC_value=
ac_cv_env_CFLAGS_set=
ac_cv_env_CFLAGS_value=
ac_cv_env_CPPFLAGS_set=
ac_cv_env_CPPFLAGS_value=
ac_cv_env_CPP_set=
ac_cv_env_CPP_value=
ac_cv_env_CURL_set=
ac_cv_env_CURL_value=
ac_cv_env_FLEX_set=
ac_cv_env_FLEX_value=
ac_cv_env_IASL_set=
ac_cv_env_IASL_value=
ac_cv_env_LD86_set=
ac_cv_env_LD86_value=
ac_cv_env_LDFLAGS_set=
ac_cv_env_LDFLAGS_value=
ac_cv_env_LIBNL3_CFLAGS_set=
ac_cv_env_LIBNL3_CFLAGS_value=
ac_cv_env_LIBNL3_LIBS_set=
ac_cv_env_LIBNL3_LIBS_value=
ac_cv_env_LIBS_set=
ac_cv_env_LIBS_value=
ac_cv_env_PERL_set=
ac_cv_env_PERL_value=
ac_cv_env_PKG_CONFIG_LIBDIR_set=
ac_cv_env_PKG_CONFIG_LIBDIR_value=
ac_cv_env_PKG_CONFIG_PATH_set=
ac_cv_env_PKG_CONFIG_PATH_value=
ac_cv_env_PKG_CONFIG_set=
ac_cv_env_PKG_CONFIG_value=
ac_cv_env_PREPEND_INCLUDES_set=
ac_cv_env_PREPEND_INCLUDES_value=
ac_cv_env_PREPEND_LIB_set=
ac_cv_env_PREPEND_LIB_value=
ac_cv_env_PYTHON_set=
ac_cv_env_PYTHON_value=
ac_cv_env_SYSTEMD_CFLAGS_set=
ac_cv_env_SYSTEMD_CFLAGS_value=
ac_cv_env_SYSTEMD_LIBS_set=
ac_cv_env_SYSTEMD_LIBS_value=
ac_cv_env_XGETTEXT_set=
ac_cv_env_XGETTEXT_value=
ac_cv_env_XML_set=
ac_cv_env_XML_value=
ac_cv_env_build_alias_set=
ac_cv_env_build_alias_value=
ac_cv_env_glib_CFLAGS_set=
ac_cv_env_glib_CFLAGS_value=
ac_cv_env_glib_LIBS_set=
ac_cv_env_glib_LIBS_value=
ac_cv_env_host_alias_set=
ac_cv_env_host_alias_value=
ac_cv_env_target_alias_set=
ac_cv_env_target_alias_value=
ac_cv_header_Python_h=yes
ac_cv_header_bzlib_h=yes
ac_cv_header_curses_h=yes
ac_cv_header_ext2fs_ext2fs_h=yes
ac_cv_header_ext4fs_ext2fs_h=no
ac_cv_header_inttypes_h=yes
ac_cv_header_libutil_h=no
ac_cv_header_lzma_h=yes
ac_cv_header_lzo_lzo1x_h=no
ac_cv_header_memory_h=yes
ac_cv_header_ncurses_h=yes
ac_cv_header_stdc=yes
ac_cv_header_stdint_h=yes
ac_cv_header_stdlib_h=yes
ac_cv_header_string_h=yes
ac_cv_header_strings_h=yes
ac_cv_header_sys_eventfd_h=yes
ac_cv_header_sys_stat_h=yes
ac_cv_header_sys_types_h=yes
ac_cv_header_unistd_h=yes
ac_cv_header_utmp_h=yes
ac_cv_header_uuid_h=yes
ac_cv_header_uuid_uuid_h=yes
ac_cv_header_valgrind_memcheck_h=no
ac_cv_header_yajl_yajl_version_h=no
ac_cv_host=x86_64-unknown-linux-gnu
ac_cv_lib_aio_io_setup=yes
ac_cv_lib_bz2_BZ2_bzDecompressInit=yes
ac_cv_lib_crypto_MD5=yes
ac_cv_lib_curses_clear=yes
ac_cv_lib_ext2fs_ext2fs_open2=yes
ac_cv_lib_gcrypt_gcry_md_hash_buffer=no
ac_cv_lib_iconv_libiconv_open=no
ac_cv_lib_lzma_lzma_stream_decoder=yes
ac_cv_lib_ncurses_clear=yes
ac_cv_lib_python2_6___PyArg_ParseTuple=yes
ac_cv_lib_uuid_uuid_clear=yes
ac_cv_lib_yajl_yajl_alloc=yes
ac_cv_lib_z_deflateCopy=yes
ac_cv_objext=o
ac_cv_path_AS86=/usr/bin/as86
ac_cv_path_BASH=/bin/sh
ac_cv_path_BCC=/usr/bin/bcc
ac_cv_path_BISON=/usr/bin/bison
ac_cv_path_EGREP='/bin/grep -E'
ac_cv_path_FLEX=/usr/bin/flex
ac_cv_path_GREP=/bin/grep
ac_cv_path_IASL=/usr/bin/iasl
ac_cv_path_LD86=/usr/bin/ld86
ac_cv_path_PERL=/usr/bin/perl
ac_cv_path_PYTHONPATH=.:/usr/local/lib64/python2.6:/usr/local/lib64/python2.6/site-packages:/usr/lib64/python26.zip:/usr/lib64/python2.6:/usr/lib64/python2.6/plat-linux2:/usr/lib64/python2.6/lib-tk:/usr/lib64/python2.6/lib-old:/usr/lib64/python2.6/lib-dynload:/usr/lib64/python2.6/site-packages:/usr/lib64/python2.6/site-packages/gtk-2.0:/usr/lib/python2.6/site-packages
ac_cv_path_WGET=/usr/bin/wget
ac_cv_path_XGETTEXT=/usr/bin/xgettext
ac_cv_path_ac_pt_PKG_CONFIG=/usr/bin/pkg-config
ac_cv_path_install='/usr/bin/install -c'
ac_cv_path_pyconfig=/usr/bin/python-config
ac_cv_prog_AWK=gawk
ac_cv_prog_CPP='gcc -E'
ac_cv_prog_ac_ct_CC=gcc
ac_cv_prog_ac_ct_CHECKPOLICY=checkpolicy
ac_cv_prog_ac_ct_OCAML=ocaml
ac_cv_prog_ac_ct_OCAMLBUILD=ocamlbuild
ac_cv_prog_ac_ct_OCAMLC=ocamlc
ac_cv_prog_ac_ct_OCAMLCDOTOPT=ocamlc.opt
ac_cv_prog_ac_ct_OCAMLDEP=ocamldep
ac_cv_prog_ac_ct_OCAMLFIND=ocamlfind
ac_cv_prog_ac_ct_OCAMLMKLIB=ocamlmklib
ac_cv_prog_ac_ct_OCAMLMKTOP=ocamlmktop
ac_cv_prog_ac_ct_OCAMLOPT=ocamlopt
ac_cv_prog_ac_ct_OCAMLOPTDOTOPT=ocamlopt.opt
ac_cv_prog_cc_c89=
ac_cv_prog_cc_g=yes
ac_cv_prog_make_make_set=yes
ac_cv_sys_file_offset_bits=no
ac_cv_sys_largefile_CC=no
ax_cv_blktap1=n
ax_cv_debug=y
ax_cv_githttp=n
ax_cv_monitors=y
ax_cv_ocamltools=y
ax_cv_ovmf=n
ax_cv_pthread_flags=-pthread
ax_cv_ptyfuncs_libs=-lutil
ax_cv_rpath=n
ax_cv_seabios=y
ax_cv_systemd=n
ax_cv_xsmpolicy=y
pkg_cv_glib_CFLAGS='-I/usr/include/glib-2.0 -I/usr/lib64/glib-2.0/include  '
pkg_cv_glib_LIBS='-lglib-2.0  '

## ----------------- ##
## Output variables. ##
## ----------------- ##

APPEND_INCLUDES=''
APPEND_LIB=''
AS86='/usr/bin/as86'
AWK='gawk'
BASH='/bin/sh'
BCC='/usr/bin/bcc'
BISON='/usr/bin/bison'
CC='gcc'
CFLAGS='-g -O2'
CHECKPOLICY='checkpolicy'
CONFIG_DIR='/etc'
CONFIG_LEAF_DIR='sysconfig'
CONFIG_RUMP='n'
CPP='gcc -E'
CPPFLAGS='  '
CURL=''
CURSES_LIBS='-lncurses'
DEFS='-DHAVE_CONFIG_H'
ECHO_C=''
ECHO_N='-n'
ECHO_T=''
EGREP='/bin/grep -E'
EXEEXT=''
EXTFS_LIBS='-lext2fs'
EXTRA_QEMUU_CONFIGURE_ARGS=''
FETCHER='/usr/bin/wget -c -O'
FILE_OFFSET_BITS=''
FLEX='/usr/bin/flex'
FTP=''
GREP='/bin/grep'
IASL='/usr/bin/iasl'
INITD_DIR='/etc/rc.d/init.d'
INSTALL_DATA='${INSTALL} -m 644'
INSTALL_PROGRAM='${INSTALL}'
INSTALL_SCRIPT='${INSTALL}'
LD86='/usr/bin/ld86'
LDFLAGS='   -lpthread -ldl -lutil -lm -lpython2.6'
LIBEXEC_BIN='/usr/local/lib/xen/bin'
LIBNL3_CFLAGS=''
LIBNL3_LIBS=''
LIBOBJS=''
LIBS='-lz -lyajl -lcrypto -laio -lpython2.6  -lutil'
LINUX_BACKEND_MODULES='xen-evtchn xen-gntdev xen-gntalloc xen-blkback xen-netback xen-pciback evtchn gntdev netbk blkbk xen-scsibk usbbk pciback xen-acpi-processor blktap2 blktap'
LTLIBOBJS=''
OBJEXT='o'
OCAML='ocaml'
OCAMLBEST='opt'
OCAMLBUILD='ocamlbuild'
OCAMLC='ocamlc.opt'
OCAMLCDOTOPT='ocamlc.opt'
OCAMLDEP='ocamldep'
OCAMLDOC='no'
OCAMLFIND='ocamlfind'
OCAMLLIB='/usr/lib64/ocaml'
OCAMLMKLIB='ocamlmklib'
OCAMLMKTOP='ocamlmktop'
OCAMLOPT='ocamlopt.opt'
OCAMLOPTDOTOPT='ocamlopt.opt'
OCAMLVERSION='3.11.2'
PACKAGE_BUGREPORT='xen-devel@lists.xen.org'
PACKAGE_NAME='Xen Hypervisor Tools'
PACKAGE_STRING='Xen Hypervisor Tools 4.5'
PACKAGE_TARNAME='xen'
PACKAGE_URL='http://www.xen.org/'
PACKAGE_VERSION='4.5'
PATH_SEPARATOR=':'
PERL='/usr/bin/perl'
PKG_CONFIG='/usr/bin/pkg-config'
PKG_CONFIG_LIBDIR=''
PKG_CONFIG_PATH=''
PREPEND_INCLUDES=''
PREPEND_LIB=''
PTHREAD_CFLAGS='-pthread'
PTHREAD_LDFLAGS='-pthread'
PTHREAD_LIBS=''
PTYFUNCS_LIBS='-lutil'
PYTHON='python'
PYTHONPATH='.:/usr/local/lib64/python2.6:/usr/local/lib64/python2.6/site-packages:/usr/lib64/python26.zip:/usr/lib64/python2.6:/usr/lib64/python2.6/plat-linux2:/usr/lib64/python2.6/lib-tk:/usr/lib64/python2.6/lib-old:/usr/lib64/python2.6/lib-dynload:/usr/lib64/python2.6/site-packages:/usr/lib64/python2.6/site-packages/gtk-2.0:/usr/lib/python2.6/site-packages'
SET_MAKE=''
SHAREDIR='/usr/local/share'
SHELL='/bin/sh'
SYSTEMD_CFLAGS=''
SYSTEMD_DIR=''
SYSTEMD_LIBS=''
SYSTEMD_MODULES_LOAD=''
WGET='/usr/bin/wget'
XENSTORED='/usr/local/sbin/oxenstored'
XEN_CONFIG_DIR='/etc/xen'
XEN_LIB_STORED='/var/lib/xenstored'
XEN_LOCK_DIR='/var/lock'
XEN_LOG_DIR='/var/log/xen'
XEN_PAGING_DIR='/var/lib/xen/xenpaging'
XEN_RUN_DIR='/var/run/xen'
XEN_SCRIPT_DIR='/etc/xen/scripts'
XGETTEXT='/usr/bin/xgettext'
XML=''
ac_ct_CC='gcc'
bindir='/usr/local/bin'
blktap1='n'
blktap2='y'
build='x86_64-unknown-linux-gnu'
build_alias=''
build_cpu='x86_64'
build_os='linux-gnu'
build_vendor='unknown'
datadir='${datarootdir}'
datarootdir='${prefix}/share'
debug='y'
docdir='${datarootdir}/doc/${PACKAGE_TARNAME}'
dvidir='${docdir}'
exec_prefix='/usr/local'
githttp='n'
glib_CFLAGS='-I/usr/include/glib-2.0 -I/usr/lib64/glib-2.0/include  '
glib_LIBS='-lglib-2.0  '
host='x86_64-unknown-linux-gnu'
host_alias=''
host_cpu='x86_64'
host_os='linux-gnu'
host_vendor='unknown'
htmldir='${docdir}'
includedir='${prefix}/include'
infodir='${datarootdir}/info'
libdir='/usr/local/lib'
libexecdir='/usr/local/lib'
libgcrypt='n'
libiconv='n'
localedir='${datarootdir}/locale'
localstatedir='/var'
mandir='${datarootdir}/man'
monitors='y'
ocamltools='y'
oldincludedir='/usr/include'
ovmf='n'
ovmf_path=''
pdfdir='${docdir}'
prefix='/usr/local'
program_transform_name='s,x,x,'
psdir='${docdir}'
pyconfig='/usr/bin/python-config'
qemu_traditional='y'
qemu_xen='y'
remus_netbuf='n'
rombios='y'
rpath='n'
sbindir='/usr/local/sbin'
seabios='y'
seabios_path=''
sharedstatedir='${prefix}/com'
sysconfdir='/etc'
system_aio=''
systemd='n'
target_alias=''
xsmpolicy='y'
zlib=' -DHAVE_BZLIB -lbz2 -DHAVE_LZMA -llzma'

## ----------- ##
## confdefs.h. ##
## ----------- ##

/* confdefs.h */
#define PACKAGE_NAME "Xen Hypervisor Tools"
#define PACKAGE_TARNAME "xen"
#define PACKAGE_VERSION "4.5"
#define PACKAGE_STRING "Xen Hypervisor Tools 4.5"
#define PACKAGE_BUGREPORT "xen-devel@lists.xen.org"
#define PACKAGE_URL "http://www.xen.org/"
#define HAVE_BLKTAP2 1
#define HAVE_QEMU_TRADITIONAL 1
#define HAVE_ROMBIOS 1
#define STDC_HEADERS 1
#define HAVE_SYS_TYPES_H 1
#define HAVE_SYS_STAT_H 1
#define HAVE_STDLIB_H 1
#define HAVE_STRING_H 1
#define HAVE_MEMORY_H 1
#define HAVE_STRINGS_H 1
#define HAVE_INTTYPES_H 1
#define HAVE_STDINT_H 1
#define HAVE_UNISTD_H 1
#define HAVE_LIBPYTHON2_6 1
#define INCLUDE_CURSES_H <ncurses.h>
#define HAVE_LIBAIO 1
#define HAVE_LIBCRYPTO 1
#define INCLUDE_EXTFS_H <ext2fs/ext2fs.h>
#define HAVE_LIBYAJL 1
#define HAVE_LIBZ 1
#define HAVE_SYS_EVENTFD_H 1
#define HAVE_UTMP_H 1

configure: exit 0
