This file contains any messages produced by compilers while
running configure, to aid debugging if configure makes a mistake.

It was created by configure, which was
generated by GNU Autoconf 2.59.  Invocation command line was

  $ ../../../../newlib-1.16.0/libgloss/doc/configure --prefix=/home/yzhao/work/xen_src/xen-4.5.0/stubdom/cross-root-i686 --cache-file=./config.cache --with-newlib --with-cross-host=x86_64-unknown-linux-gnu --prefix=/home/yzhao/work/xen_src/xen-4.5.0/stubdom/cross-root-i686 --verbose --target=i686-xen-elf --enable-newlib-io-long-long --disable-multilib --program-transform-name=s,^,i686-xen-elf-, --with-target-subdir=i686-xen-elf --build=x86_64-unknown-linux-gnu --host=i686-xen-elf --target=i686-xen-elf --srcdir=../../../newlib-1.16.0/libgloss build_alias=x86_64-unknown-linux-gnu host_alias=i686-xen-elf target_alias=i686-xen-elf --cache-file=.././config.cache --srcdir=../../../../newlib-1.16.0/libgloss/doc

## --------- ##
## Platform. ##
## --------- ##

hostname = disco-0004
uname -m = x86_64
uname -r = 3.14.4
uname -s = Linux
uname -v = #3 SMP Thu Aug 27 14:52:43 MDT 2015

/usr/bin/uname -p = unknown
/bin/uname -X     = unknown

/bin/arch              = x86_64
/usr/bin/arch -k       = unknown
/usr/convex/getsysinfo = unknown
hostinfo               = unknown
/bin/machine           = unknown
/usr/bin/oslevel       = unknown
/bin/universe          = unknown

PATH: /sbin
PATH: /bin
PATH: /usr/sbin
PATH: /usr/bin
PATH: /usr/local/sbin
PATH: /root/bin
PATH: /usr/local/bin


## ----------- ##
## Core tests. ##
## ----------- ##

configure:1130: loading cache .././config.cache
configure:1288: checking for a BSD-compatible install
configure:1343: result: /usr/bin/install -c
configure:1483: creating ./config.status

## ---------------------- ##
## Running config.status. ##
## ---------------------- ##

This file was extended by config.status, which was
generated by GNU Autoconf 2.59.  Invocation command line was

  CONFIG_FILES    = 
  CONFIG_HEADERS  = 
  CONFIG_LINKS    = 
  CONFIG_COMMANDS = 
  $ ./config.status 

on disco-0004

config.status:632: creating Makefile

## ---------------- ##
## Cache variables. ##
## ---------------- ##

ac_cv_build=x86_64-unknown-linux-gnu
ac_cv_build_alias=x86_64-unknown-linux-gnu
ac_cv_c_compiler_gnu=yes
ac_cv_env_CCASFLAGS_set=
ac_cv_env_CCASFLAGS_value=
ac_cv_env_CCAS_set=
ac_cv_env_CCAS_value=
ac_cv_env_build_alias_set=set
ac_cv_env_build_alias_value=x86_64-unknown-linux-gnu
ac_cv_env_host_alias_set=set
ac_cv_env_host_alias_value=i686-xen-elf
ac_cv_env_target_alias_set=set
ac_cv_env_target_alias_value=i686-xen-elf
ac_cv_host=i686-xen-elf
ac_cv_host_alias=i686-xen-elf
ac_cv_prog_AR=ar
ac_cv_prog_AWK=gawk
ac_cv_prog_CC='gcc -isystem /home/yzhao/work/xen_src/xen-4.5.0/stubdom/../extras/mini-os/include -D__MINIOS__ -DHAVE_LIBC -isystem /home/yzhao/work/xen_src/xen-4.5.0/stubdom/../extras/mini-os/include/posix -isystem /home/yzhao/work/xen_src/xen-4.5.0/stubdom/../tools/xenstore/include  -isystem /home/yzhao/work/xen_src/xen-4.5.0/stubdom/../extras/mini-os/include/x86 -isystem /home/yzhao/work/xen_src/xen-4.5.0/stubdom/../extras/mini-os/include/x86/x86_32 -U __linux__ -U __FreeBSD__ -U __sun__ -nostdinc -isystem /home/yzhao/work/xen_src/xen-4.5.0/stubdom/../extras/mini-os/include/posix -isystem /home/yzhao/work/xen_src/xen-4.5.0/stubdom/cross-root-i686/i686-xen-elf/include -isystem /usr/lib/gcc/x86_64-redhat-linux/4.4.7/include -isystem /home/yzhao/work/xen_src/xen-4.5.0/stubdom/lwip-x86_32/src/include -isystem /home/yzhao/work/xen_src/xen-4.5.0/stubdom/lwip-x86_32/src/include/ipv4 -I/home/yzhao/work/xen_src/xen-4.5.0/stubdom/include -I/home/yzhao/work/xen_src/xen-4.5.0/stubdom/../xen/include  -O1 -fno-omit-frame-pointer  -m32 -march=i686 -m32 -march=i686 -g -fno-strict-aliasing -std=gnu99 -Wall -Wstrict-prototypes -Wdeclaration-after-statement -Wno-unused-but-set-variable   -fno-stack-protector -fno-exceptions -D_I386MACH_ALLOW_HW_INTERRUPTS -B/home/yzhao/work/xen_src/xen-4.5.0/stubdom/newlib-x86_32/i686-xen-elf/newlib/ -isystem /home/yzhao/work/xen_src/xen-4.5.0/stubdom/newlib-x86_32/i686-xen-elf/newlib/targ-include -isystem /home/yzhao/work/xen_src/xen-4.5.0/stubdom/newlib-1.16.0/newlib/libc/include -B/home/yzhao/work/xen_src/xen-4.5.0/stubdom/newlib-x86_32/i686-xen-elf/libgloss/i386 -L/home/yzhao/work/xen_src/xen-4.5.0/stubdom/newlib-x86_32/i686-xen-elf/libgloss/libnosys -L/home/yzhao/work/xen_src/xen-4.5.0/stubdom/newlib-1.16.0/libgloss/i386'
ac_cv_prog_RANLIB=ranlib
ac_cv_prog_STRIP=i686-xen-elf-strip
ac_cv_prog_cc_g=no
ac_cv_prog_make_make_set=yes
ac_cv_target=i686-xen-elf
ac_cv_target_alias=i686-xen-elf
am_cv_CC_dependencies_compiler_type=gcc3

## ----------------- ##
## Output variables. ##
## ----------------- ##

DEFS='-DPACKAGE_NAME=\"\" -DPACKAGE_TARNAME=\"\" -DPACKAGE_VERSION=\"\" -DPACKAGE_STRING=\"\" -DPACKAGE_BUGREPORT=\"\" '
ECHO_C=''
ECHO_N='-n'
ECHO_T=''
INSTALL_DATA='/usr/bin/install -c -m 644'
INSTALL_PROGRAM='/usr/bin/install -c'
INSTALL_SCRIPT='/usr/bin/install -c'
LIBOBJS=''
LIBS=''
LTLIBOBJS=''
PACKAGE_BUGREPORT=''
PACKAGE_NAME=''
PACKAGE_STRING=''
PACKAGE_TARNAME=''
PACKAGE_VERSION=''
PATH_SEPARATOR=':'
SHELL='/bin/sh'
bindir='${exec_prefix}/bin'
build_alias='x86_64-unknown-linux-gnu'
datadir='${prefix}/share'
exec_prefix='${prefix}'
host_alias='i686-xen-elf'
includedir='${prefix}/include'
infodir='${prefix}/info'
libdir='${exec_prefix}/lib'
libexecdir='${exec_prefix}/libexec'
localstatedir='${prefix}/var'
mandir='${prefix}/man'
oldincludedir='/usr/include'
prefix='/home/yzhao/work/xen_src/xen-4.5.0/stubdom/cross-root-i686'
program_transform_name='s,^,i686-xen-elf-,'
sbindir='${exec_prefix}/sbin'
sharedstatedir='${prefix}/com'
sysconfdir='${prefix}/etc'
target_alias='i686-xen-elf'

## ----------- ##
## confdefs.h. ##
## ----------- ##

#define PACKAGE_BUGREPORT ""
#define PACKAGE_NAME ""
#define PACKAGE_STRING ""
#define PACKAGE_TARNAME ""
#define PACKAGE_VERSION ""

configure: exit 0
